This file contains any messages produced by compilers while
running configure, to aid debugging if configure makes a mistake.

It was created by opus configure unknown, which was
generated by GNU Autoconf 2.69.  Invocation command line was

  $ ./configure 

## --------- ##
## Platform. ##
## --------- ##

hostname = YaopengdeMacBook-Pro.local
uname -m = x86_64
uname -r = 17.2.0
uname -s = Darwin
uname -v = Darwin Kernel Version 17.2.0: Fri Sep 29 18:27:05 PDT 2017; root:xnu-4570.20.62~3/RELEASE_X86_64

/usr/bin/uname -p = i386
/bin/uname -X     = unknown

/bin/arch              = unknown
/usr/bin/arch -k       = unknown
/usr/convex/getsysinfo = unknown
/usr/bin/hostinfo      = Mach kernel version:
	 Darwin Kernel Version 17.2.0: Fri Sep 29 18:27:05 PDT 2017; root:xnu-4570.20.62~3/RELEASE_X86_64
Kernel configured for up to 4 processors.
2 processors are physically available.
4 processors are logically available.
Processor type: x86_64h (Intel x86-64h Haswell)
Processors active: 0 1 2 3
Primary memory available: 8.00 gigabytes
Default processor set: 316 tasks, 2552 threads, 4 processors
Load average: 2.11, Mach factor: 1.87
/bin/machine           = unknown
/usr/bin/oslevel       = unknown
/bin/universe          = unknown

PATH: /usr/local/bin
PATH: /usr/bin
PATH: /bin
PATH: /usr/sbin
PATH: /sbin
PATH: /usr/local/mysql/bin
PATH: //Users/yaopeng/Library/Android/sdk/platform-tools


## ----------- ##
## Core tests. ##
## ----------- ##

configure:2364: checking whether make supports nested variables
configure:2381: result: yes
configure:2447: checking for a BSD-compatible install
configure:2515: result: /usr/bin/install -c
configure:2526: checking whether build environment is sane
configure:2581: result: yes
configure:2732: checking for a thread-safe mkdir -p
configure:2771: result: ./install-sh -c -d
configure:2778: checking for gawk
configure:2808: result: no
configure:2778: checking for mawk
configure:2808: result: no
configure:2778: checking for nawk
configure:2808: result: no
configure:2778: checking for awk
configure:2794: found /usr/bin/awk
configure:2805: result: awk
configure:2816: checking whether make sets $(MAKE)
configure:2838: result: yes
configure:2963: checking whether to enable maintainer-specific portions of Makefiles
configure:2972: result: yes
configure:2990: checking build system type
configure:3004: result: x86_64-apple-darwin17.2.0
configure:3024: checking host system type
configure:3037: result: x86_64-apple-darwin17.2.0
configure:3109: checking how to print strings
configure:3136: result: printf
configure:3161: checking whether make supports the include directive
configure:3176: make -f confmf.GNU && cat confinc.out
this is the am__doit target
configure:3179: $? = 0
configure:3198: result: yes (GNU style)
configure:3268: checking for gcc
configure:3284: found /usr/bin/gcc
configure:3295: result: gcc
configure:3524: checking for C compiler version
configure:3533: gcc --version >&5
Apple LLVM version 9.0.0 (clang-900.0.38)
Target: x86_64-apple-darwin17.2.0
Thread model: posix
InstalledDir: /Library/Developer/CommandLineTools/usr/bin
Configured with: --prefix=/Library/Developer/CommandLineTools/usr --with-gxx-include-dir=/usr/include/c++/4.2.1
configure:3544: $? = 0
configure:3533: gcc -v >&5
Configured with: --prefix=/Library/Developer/CommandLineTools/usr --with-gxx-include-dir=/usr/include/c++/4.2.1
Apple LLVM version 9.0.0 (clang-900.0.38)
Target: x86_64-apple-darwin17.2.0
Thread model: posix
InstalledDir: /Library/Developer/CommandLineTools/usr/bin
configure:3544: $? = 0
configure:3533: gcc -V >&5
clang: error: argument to '-V' is missing (expected 1 value)
clang: error: no input files
configure:3544: $? = 1
configure:3533: gcc -qversion >&5
clang: error: unknown argument: '-qversion'
clang: error: no input files
configure:3544: $? = 1
configure:3564: checking whether the C compiler works
configure:3586: gcc    conftest.c  >&5
configure:3590: $? = 0
configure:3638: result: yes
configure:3641: checking for C compiler default output file name
configure:3643: result: a.out
configure:3649: checking for suffix of executables
configure:3656: gcc -o conftest    conftest.c  >&5
configure:3660: $? = 0
configure:3682: result: 
configure:3704: checking whether we are cross compiling
configure:3712: gcc -o conftest    conftest.c  >&5
configure:3716: $? = 0
configure:3723: ./conftest
configure:3727: $? = 0
configure:3742: result: no
configure:3747: checking for suffix of object files
configure:3769: gcc -c   conftest.c >&5
configure:3773: $? = 0
configure:3794: result: o
configure:3798: checking whether we are using the GNU C compiler
configure:3817: gcc -c   conftest.c >&5
configure:3817: $? = 0
configure:3826: result: yes
configure:3835: checking whether gcc accepts -g
configure:3855: gcc -c -g  conftest.c >&5
configure:3855: $? = 0
configure:3896: result: yes
configure:3913: checking for gcc option to accept ISO C89
configure:3976: gcc  -c -g -O2  conftest.c >&5
configure:3976: $? = 0
configure:3989: result: none needed
configure:4014: checking whether gcc understands -c and -o together
configure:4036: gcc -c conftest.c -o conftest2.o
configure:4039: $? = 0
configure:4036: gcc -c conftest.c -o conftest2.o
configure:4039: $? = 0
configure:4051: result: yes
configure:4070: checking dependency style of gcc
configure:4181: result: gcc3
configure:4196: checking for a sed that does not truncate output
configure:4260: result: /usr/bin/sed
configure:4278: checking for grep that handles long lines and -e
configure:4336: result: /usr/bin/grep
configure:4341: checking for egrep
configure:4403: result: /usr/bin/grep -E
configure:4408: checking for fgrep
configure:4470: result: /usr/bin/grep -F
configure:4505: checking for ld used by gcc
configure:4572: result: /Library/Developer/CommandLineTools/usr/bin/ld
configure:4579: checking if the linker (/Library/Developer/CommandLineTools/usr/bin/ld) is GNU ld
configure:4594: result: no
configure:4606: checking for BSD- or MS-compatible name lister (nm)
configure:4660: result: /usr/bin/nm -B
configure:4790: checking the name lister (/usr/bin/nm -B) interface
configure:4797: gcc -c -g -O2  conftest.c >&5
configure:4800: /usr/bin/nm -B "conftest.o"
configure:4803: output
00000000000001ec S _some_variable
configure:4810: result: BSD nm
configure:4813: checking whether ln -s works
configure:4817: result: yes
configure:4825: checking the maximum length of command line arguments
configure:4956: result: 196608
configure:5004: checking how to convert x86_64-apple-darwin17.2.0 file names to x86_64-apple-darwin17.2.0 format
configure:5044: result: func_convert_file_noop
configure:5051: checking how to convert x86_64-apple-darwin17.2.0 file names to toolchain format
configure:5071: result: func_convert_file_noop
configure:5078: checking for /Library/Developer/CommandLineTools/usr/bin/ld option to reload object files
configure:5085: result: -r
configure:5159: checking for objdump
configure:5175: found /usr/bin/objdump
configure:5186: result: objdump
configure:5218: checking how to recognize dependent libraries
configure:5418: result: pass_all
configure:5503: checking for dlltool
configure:5533: result: no
configure:5563: checking how to associate runtime and link libraries
configure:5590: result: printf %s\n
configure:5651: checking for ar
configure:5667: found /usr/bin/ar
configure:5678: result: ar
configure:5715: checking for archiver @FILE support
configure:5732: gcc -c -g -O2  conftest.c >&5
configure:5732: $? = 0
configure:5735: ar cru libconftest.a @conftest.lst >&5
ar: @conftest.lst: No such file or directory
configure:5738: $? = 1
configure:5758: result: no
configure:5816: checking for strip
configure:5832: found /usr/bin/strip
configure:5843: result: strip
configure:5915: checking for ranlib
configure:5931: found /usr/bin/ranlib
configure:5942: result: ranlib
configure:6044: checking command to parse /usr/bin/nm -B output from gcc object
configure:6197: gcc -c -g -O2  conftest.c >&5
configure:6200: $? = 0
configure:6204: /usr/bin/nm -B conftest.o \| sed -n -e 's/^.*[ ]\([BCDEGRST][BCDEGRST]*\)[ ][ ]*\([_A-Za-z][_A-Za-z0-9]*\)$/\1 \2 \2/p' | sed '/ __gnu_lto/d' \> conftest.nm
configure:6207: $? = 0
cannot find nm_test_var in conftest.nm
configure:6197: gcc -c -g -O2  conftest.c >&5
configure:6200: $? = 0
configure:6204: /usr/bin/nm -B conftest.o \| sed -n -e 's/^.*[ ]\([BCDEGRST][BCDEGRST]*\)[ ][ ]*_\([_A-Za-z][_A-Za-z0-9]*\)$/\1 _\2 \2/p' | sed '/ __gnu_lto/d' \> conftest.nm
configure:6207: $? = 0
configure:6273: gcc -o conftest -g -O2   conftest.c conftstm.o >&5
warning: (x86_64)  could not find object file symbol for symbol _main
configure:6276: $? = 0
configure:6314: result: ok
configure:6361: checking for sysroot
configure:6391: result: no
configure:6398: checking for a working dd
configure:6436: result: /bin/dd
configure:6440: checking how to truncate binary pipes
configure:6455: result: /bin/dd bs=4096 count=1
configure:6784: checking for mt
configure:6814: result: no
configure:6834: checking if : is a manifest tool
configure:6840: : '-?'
configure:6848: result: no
configure:6904: checking for dsymutil
configure:6920: found /usr/bin/dsymutil
configure:6931: result: dsymutil
configure:6996: checking for nmedit
configure:7012: found /usr/bin/nmedit
configure:7023: result: nmedit
configure:7088: checking for lipo
configure:7104: found /usr/bin/lipo
configure:7115: result: lipo
configure:7180: checking for otool
configure:7196: found /usr/bin/otool
configure:7207: result: otool
configure:7272: checking for otool64
configure:7302: result: no
configure:7347: checking for -single_module linker flag
gcc -g -O2  -o libconftest.dylib -dynamiclib -Wl,-single_module conftest.c
configure:7380: result: yes
configure:7383: checking for -exported_symbols_list linker flag
configure:7403: gcc -o conftest -g -O2   -Wl,-exported_symbols_list,conftest.sym conftest.c  >&5
configure:7403: $? = 0
configure:7413: result: yes
configure:7416: checking for -force_load linker flag
gcc -g -O2 -c -o conftest.o conftest.c
ar cru libconftest.a conftest.o
ranlib libconftest.a
gcc -g -O2  -o conftest conftest.c -Wl,-force_load,./libconftest.a
configure:7448: result: yes
configure:7525: checking how to run the C preprocessor
configure:7556: gcc -E  conftest.c
configure:7556: $? = 0
configure:7570: gcc -E  conftest.c
conftest.c:9:10: fatal error: 'ac_nonexistent.h' file not found
#include <ac_nonexistent.h>
         ^~~~~~~~~~~~~~~~~~
1 error generated.
configure:7570: $? = 1
configure: failed program was:
| /* confdefs.h */
| #define PACKAGE_NAME "opus"
| #define PACKAGE_TARNAME "opus"
| #define PACKAGE_VERSION "unknown"
| #define PACKAGE_STRING "opus unknown"
| #define PACKAGE_BUGREPORT "opus@xiph.org"
| #define PACKAGE_URL ""
| /* end confdefs.h.  */
| #include <ac_nonexistent.h>
configure:7595: result: gcc -E
configure:7615: gcc -E  conftest.c
configure:7615: $? = 0
configure:7629: gcc -E  conftest.c
conftest.c:9:10: fatal error: 'ac_nonexistent.h' file not found
#include <ac_nonexistent.h>
         ^~~~~~~~~~~~~~~~~~
1 error generated.
configure:7629: $? = 1
configure: failed program was:
| /* confdefs.h */
| #define PACKAGE_NAME "opus"
| #define PACKAGE_TARNAME "opus"
| #define PACKAGE_VERSION "unknown"
| #define PACKAGE_STRING "opus unknown"
| #define PACKAGE_BUGREPORT "opus@xiph.org"
| #define PACKAGE_URL ""
| /* end confdefs.h.  */
| #include <ac_nonexistent.h>
configure:7658: checking for ANSI C header files
configure:7678: gcc -c -g -O2  conftest.c >&5
configure:7678: $? = 0
configure:7751: gcc -o conftest -g -O2   conftest.c  >&5
configure:7751: $? = 0
configure:7751: ./conftest
configure:7751: $? = 0
configure:7762: result: yes
configure:7775: checking for sys/types.h
configure:7775: gcc -c -g -O2  conftest.c >&5
configure:7775: $? = 0
configure:7775: result: yes
configure:7775: checking for sys/stat.h
configure:7775: gcc -c -g -O2  conftest.c >&5
configure:7775: $? = 0
configure:7775: result: yes
configure:7775: checking for stdlib.h
configure:7775: gcc -c -g -O2  conftest.c >&5
configure:7775: $? = 0
configure:7775: result: yes
configure:7775: checking for string.h
configure:7775: gcc -c -g -O2  conftest.c >&5
configure:7775: $? = 0
configure:7775: result: yes
configure:7775: checking for memory.h
configure:7775: gcc -c -g -O2  conftest.c >&5
configure:7775: $? = 0
configure:7775: result: yes
configure:7775: checking for strings.h
configure:7775: gcc -c -g -O2  conftest.c >&5
configure:7775: $? = 0
configure:7775: result: yes
configure:7775: checking for inttypes.h
configure:7775: gcc -c -g -O2  conftest.c >&5
configure:7775: $? = 0
configure:7775: result: yes
configure:7775: checking for stdint.h
configure:7775: gcc -c -g -O2  conftest.c >&5
configure:7775: $? = 0
configure:7775: result: yes
configure:7775: checking for unistd.h
configure:7775: gcc -c -g -O2  conftest.c >&5
configure:7775: $? = 0
configure:7775: result: yes
configure:7789: checking for dlfcn.h
configure:7789: gcc -c -g -O2  conftest.c >&5
configure:7789: $? = 0
configure:7789: result: yes
configure:8045: checking for objdir
configure:8060: result: .libs
configure:8324: checking if gcc supports -fno-rtti -fno-exceptions
configure:8342: gcc -c -g -O2  -fno-rtti -fno-exceptions conftest.c >&5
configure:8346: $? = 0
configure:8359: result: yes
configure:8717: checking for gcc option to produce PIC
configure:8724: result: -fno-common -DPIC
configure:8732: checking if gcc PIC flag -fno-common -DPIC works
configure:8750: gcc -c -g -O2  -fno-common -DPIC -DPIC conftest.c >&5
configure:8754: $? = 0
configure:8767: result: yes
configure:8796: checking if gcc static flag -static works
configure:8824: result: no
configure:8839: checking if gcc supports -c -o file.o
configure:8860: gcc -c -g -O2  -o out/conftest2.o conftest.c >&5
configure:8864: $? = 0
configure:8886: result: yes
configure:8894: checking if gcc supports -c -o file.o
configure:8941: result: yes
configure:8974: checking whether the gcc linker (/Library/Developer/CommandLineTools/usr/bin/ld) supports shared libraries
configure:10233: result: yes
configure:10473: checking dynamic linker characteristics
configure:11291: result: darwin17.2.0 dyld
configure:11413: checking how to hardcode library paths into programs
configure:11438: result: immediate
configure:11986: checking whether stripping libraries is possible
configure:12000: result: yes
configure:12026: checking if libtool supports shared libraries
configure:12028: result: yes
configure:12031: checking whether to build shared libraries
configure:12056: result: yes
configure:12059: checking whether to build static libraries
configure:12063: result: yes
configure:12102: checking for gcc option to accept ISO C99
configure:12251: gcc  -c -g -O2  conftest.c >&5
configure:12251: $? = 0
configure:12264: result: none needed
configure:12279: checking for an ANSI C-conforming const
configure:12345: gcc -c -g -O2  conftest.c >&5
configure:12345: $? = 0
configure:12352: result: yes
configure:12360: checking for inline
configure:12376: gcc -c -g -O2  conftest.c >&5
configure:12376: $? = 0
configure:12384: result: inline
configure:12412: checking dependency style of gcc
configure:12521: result: gcc3
configure:12545: checking for C/C++ restrict keyword
configure:12570: gcc -c -g -O2  conftest.c >&5
configure:12570: $? = 0
configure:12578: result: __restrict
configure:12593: checking for C99 variable-size arrays
configure:12606: gcc -c -g -O2  conftest.c >&5
configure:12606: $? = 0
configure:12619: result: yes
configure:13839: checking if compiler supports SSE intrinsics
configure:13860: gcc -o conftest -g -O2   conftest.c  >&5
configure:13860: $? = 0
configure:13864: result: yes
configure:13923: checking if compiler supports SSE2 intrinsics
configure:13944: gcc -o conftest -g -O2   conftest.c  >&5
configure:13944: $? = 0
configure:13948: result: yes
configure:14007: checking if compiler supports SSE4.1 intrinsics
configure:14028: gcc -o conftest -g -O2   conftest.c  >&5
configure:14028: $? = 0
configure:14032: result: yes
configure:14091: checking if compiler supports AVX intrinsics
configure:14112: gcc -o conftest -g -O2   conftest.c  >&5
conftest.c:32:22: error: always_inline function '_mm256_set1_ps' requires target feature 'xsave', but would be inlined into function 'main' that is compiled without support for 'xsave'
             mtest = _mm256_set1_ps((float)time(NULL));
                     ^
conftest.c:33:22: error: always_inline function '_mm256_addsub_ps' requires target feature 'xsave', but would be inlined into function 'main' that is compiled without support for 'xsave'
             mtest = _mm256_addsub_ps(mtest, mtest);
                     ^
conftest.c:34:36: error: always_inline function '_mm256_undefined_ps' requires target feature 'xsave', but would be inlined into function 'main' that is compiled without support for 'xsave'
             return _mm_cvtss_si32(_mm256_extractf128_ps(mtest, 0));
                                   ^
/Library/Developer/CommandLineTools/usr/lib/clang/9.0.0/include/avxintrin.h:4531:14: note: expanded from macro '_mm256_extractf128_ps'
    (__v8sf)(_mm256_undefined_ps()), \
             ^
3 errors generated.
configure:14112: $? = 1
configure: failed program was:
| /* confdefs.h */
| #define PACKAGE_NAME "opus"
| #define PACKAGE_TARNAME "opus"
| #define PACKAGE_VERSION "unknown"
| #define PACKAGE_STRING "opus unknown"
| #define PACKAGE_BUGREPORT "opus@xiph.org"
| #define PACKAGE_URL ""
| #define STDC_HEADERS 1
| #define HAVE_SYS_TYPES_H 1
| #define HAVE_SYS_STAT_H 1
| #define HAVE_STDLIB_H 1
| #define HAVE_STRING_H 1
| #define HAVE_MEMORY_H 1
| #define HAVE_STRINGS_H 1
| #define HAVE_INTTYPES_H 1
| #define HAVE_STDINT_H 1
| #define HAVE_UNISTD_H 1
| #define HAVE_DLFCN_H 1
| #define LT_OBJDIR ".libs/"
| #define OPUS_BUILD /**/
| #define restrict __restrict
| #define VAR_ARRAYS 1
| /* end confdefs.h.  */
| #include <immintrin.h>
|            #include <time.h>
| 
| int
| main ()
| {
| 
|              __m256 mtest;
|              mtest = _mm256_set1_ps((float)time(NULL));
|              mtest = _mm256_addsub_ps(mtest, mtest);
|              return _mm_cvtss_si32(_mm256_extractf128_ps(mtest, 0));
| 
| 
|   ;
|   return 0;
| }
configure:14122: result: no
configure:14124: checking if compiler supports AVX intrinsics with -mavx
configure:14146: gcc -o conftest -g -O2 -mavx   conftest.c  >&5
configure:14146: $? = 0
configure:14148: result: yes
configure:14279: checking How to get X86 CPU Info
configure:14308: gcc -o conftest -g -O2   conftest.c  >&5
configure:14308: $? = 0
configure:14310: result: Inline Assembly
configure:14517: checking for doxygen
configure:14545: result: no
configure:14555: checking for dot
configure:14571: found /usr/local/bin/dot
configure:14583: result: yes
configure:14644: checking if gcc supports -fvisibility=hidden
configure:14650: gcc -c -g -O2 -fvisibility=hidden  conftest.c >&5
configure:14650: $? = 0
configure:14651: result: yes
configure:14693: checking if gcc supports -fstack-protector-strong
configure:14706: gcc -o conftest -g -O2 -fvisibility=hidden -fstack-protector-strong   conftest.c  >&5
configure:14706: $? = 0
configure:14707: result: yes
configure:14724: checking whether to add -D_FORTIFY_SOURCE=2 to CFLAGS
configure:14740: gcc -o conftest -g -O2 -fvisibility=hidden -fstack-protector-strong   conftest.c  >&5
configure:14740: $? = 0
configure:14742: result: yes
configure:14763: checking if gcc supports -Wall -Wextra -Wcast-align -Wnested-externs -Wshadow -Wstrict-prototypes
configure:14769: gcc -c -g -O2 -fvisibility=hidden -fstack-protector-strong -D_FORTIFY_SOURCE=2 -W -Wall -Wextra -Wcast-align -Wnested-externs -Wshadow -Wstrict-prototypes  conftest.c >&5
configure:14769: $? = 0
configure:14770: result: yes
configure:14784: checking for lrintf
configure:14784: gcc -o conftest -g -O2 -fvisibility=hidden -fstack-protector-strong -D_FORTIFY_SOURCE=2 -W -Wall -Wextra -Wcast-align -Wnested-externs -Wshadow -Wstrict-prototypes   conftest.c   >&5
conftest.c:57:13: warning: this function declaration is not a prototype [-Wstrict-prototypes]
char lrintf ();
            ^
             void
conftest.c:57:6: warning: incompatible redeclaration of library function 'lrintf' [-Wincompatible-library-redeclaration]
char lrintf ();
     ^
conftest.c:57:6: note: 'lrintf' is a builtin with type 'long (float)'
2 warnings generated.
configure:14784: $? = 0
configure:14784: result: yes
configure:14795: checking for lrint
configure:14795: gcc -o conftest -g -O2 -fvisibility=hidden -fstack-protector-strong -D_FORTIFY_SOURCE=2 -W -Wall -Wextra -Wcast-align -Wnested-externs -Wshadow -Wstrict-prototypes   conftest.c   >&5
conftest.c:58:12: warning: this function declaration is not a prototype [-Wstrict-prototypes]
char lrint ();
           ^
            void
conftest.c:58:6: warning: incompatible redeclaration of library function 'lrint' [-Wincompatible-library-redeclaration]
char lrint ();
     ^
conftest.c:58:6: note: 'lrint' is a builtin with type 'long (double)'
2 warnings generated.
configure:14795: $? = 0
configure:14795: result: yes
configure:14808: checking for __malloc_hook
configure:14808: gcc -o conftest -g -O2 -fvisibility=hidden -fstack-protector-strong -D_FORTIFY_SOURCE=2 -W -Wall -Wextra -Wcast-align -Wnested-externs -Wshadow -Wstrict-prototypes   conftest.c  >&5
conftest.c:59:20: warning: this function declaration is not a prototype [-Wstrict-prototypes]
char __malloc_hook ();
                   ^
                    void
1 warning generated.
Undefined symbols for architecture x86_64:
  "___malloc_hook", referenced from:
      _main in conftest-2e288f.o
ld: symbol(s) not found for architecture x86_64
clang: error: linker command failed with exit code 1 (use -v to see invocation)
configure:14808: $? = 1
configure: failed program was:
| /* confdefs.h */
| #define PACKAGE_NAME "opus"
| #define PACKAGE_TARNAME "opus"
| #define PACKAGE_VERSION "unknown"
| #define PACKAGE_STRING "opus unknown"
| #define PACKAGE_BUGREPORT "opus@xiph.org"
| #define PACKAGE_URL ""
| #define STDC_HEADERS 1
| #define HAVE_SYS_TYPES_H 1
| #define HAVE_SYS_STAT_H 1
| #define HAVE_STDLIB_H 1
| #define HAVE_STRING_H 1
| #define HAVE_MEMORY_H 1
| #define HAVE_STRINGS_H 1
| #define HAVE_INTTYPES_H 1
| #define HAVE_STDINT_H 1
| #define HAVE_UNISTD_H 1
| #define HAVE_DLFCN_H 1
| #define LT_OBJDIR ".libs/"
| #define OPUS_BUILD /**/
| #define restrict __restrict
| #define VAR_ARRAYS 1
| #define OPUS_X86_MAY_HAVE_SSE 1
| #define OPUS_X86_PRESUME_SSE 1
| #define OPUS_X86_MAY_HAVE_SSE2 1
| #define OPUS_X86_PRESUME_SSE2 1
| #define OPUS_X86_MAY_HAVE_SSE4_1 1
| #define OPUS_X86_PRESUME_SSE4_1 1
| #define OPUS_X86_MAY_HAVE_AVX 1
| #define CPU_INFO_BY_ASM 1
| #define OPUS_HAVE_RTCD 1
| #define ENABLE_HARDENING 1
| #define HAVE_LRINTF 1
| #define HAVE_LRINT 1
| /* end confdefs.h.  */
| /* Define __malloc_hook to an innocuous variant, in case <limits.h> declares __malloc_hook.
|    For example, HP-UX 11i <limits.h> declares gettimeofday.  */
| #define __malloc_hook innocuous___malloc_hook
| 
| /* System header to define __stub macros and hopefully few prototypes,
|     which can conflict with char __malloc_hook (); below.
|     Prefer <limits.h> to <assert.h> if __STDC__ is defined, since
|     <limits.h> exists even on freestanding compilers.  */
| 
| #ifdef __STDC__
| # include <limits.h>
| #else
| # include <assert.h>
| #endif
| 
| #undef __malloc_hook
| 
| /* Override any GCC internal prototype to avoid an error.
|    Use char because int might match the return type of a GCC
|    builtin and then its argument prototype would still apply.  */
| #ifdef __cplusplus
| extern "C"
| #endif
| char __malloc_hook ();
| /* The GNU C library defines this for functions which it implements
|     to always fail with ENOSYS.  Some functions are actually named
|     something starting with __ and the normal name is an alias.  */
| #if defined __stub___malloc_hook || defined __stub_____malloc_hook
| choke me
| #endif
| 
| int
| main ()
| {
| return __malloc_hook ();
|   ;
|   return 0;
| }
configure:14808: result: no
configure:14934: checking that generated files are newer than configure
configure:14940: result: done
configure:15051: creating ./config.status

## ---------------------- ##
## Running config.status. ##
## ---------------------- ##

This file was extended by opus config.status unknown, which was
generated by GNU Autoconf 2.69.  Invocation command line was

  CONFIG_FILES    = 
  CONFIG_HEADERS  = 
  CONFIG_LINKS    = 
  CONFIG_COMMANDS = 
  $ ./config.status 

on YaopengdeMacBook-Pro.local

config.status:1160: creating Makefile
config.status:1160: creating opus.pc
config.status:1160: creating opus-uninstalled.pc
config.status:1160: creating celt/arm/armopts.s
config.status:1160: creating doc/Makefile
config.status:1160: creating doc/Doxyfile
config.status:1160: creating config.h
config.status:1389: executing depfiles commands
config.status:1466: cd .       && sed -e '/# am--include-marker/d' Makefile         | make -f - am--depfiles
config.status:1471: $? = 0
config.status:1389: executing libtool commands
configure:17232:
------------------------------------------------------------------------
  opus unknown:  Automatic configuration OK.

    Compiler support:

      C99 var arrays: ................ yes
      C99 lrintf: .................... yes
      Use alloca: .................... no (using var arrays)

    General configuration:

      Floating point support: ........ yes
      Fast float approximations: ..... no
      Fixed point debugging: ......... no
      Inline Assembly Optimizations: . No inline ASM for your platform, please send patches
      External Assembly Optimizations: 
      Intrinsics Optimizations: ...... x86 SSE SSE2 SSE4.1 AVX
      Run-time CPU detection: ........ x86 AVX
      Custom modes: .................. no
      Assertion checking: ............ no
      Hardening: ..................... yes
      Fuzzing: ....................... no
      Check ASM: ..................... no

      API documentation: ............. yes
      Extra programs: ................ yes
------------------------------------------------------------------------

 Type "make; make install" to compile and install
 Type "make check" to run the test suite


## ---------------- ##
## Cache variables. ##
## ---------------- ##

ac_cv_build=x86_64-apple-darwin17.2.0
ac_cv_c_compiler_gnu=yes
ac_cv_c_const=yes
ac_cv_c_inline=inline
ac_cv_c_restrict=__restrict
ac_cv_env_ARM_NEON_INTR_CFLAGS_set=
ac_cv_env_ARM_NEON_INTR_CFLAGS_value=
ac_cv_env_CCASFLAGS_set=
ac_cv_env_CCASFLAGS_value=
ac_cv_env_CCAS_set=
ac_cv_env_CCAS_value=
ac_cv_env_CC_set=
ac_cv_env_CC_value=
ac_cv_env_CFLAGS_set=
ac_cv_env_CFLAGS_value=
ac_cv_env_CPPFLAGS_set=
ac_cv_env_CPPFLAGS_value=
ac_cv_env_CPP_set=
ac_cv_env_CPP_value=
ac_cv_env_LDFLAGS_set=
ac_cv_env_LDFLAGS_value=
ac_cv_env_LIBS_set=
ac_cv_env_LIBS_value=
ac_cv_env_LT_SYS_LIBRARY_PATH_set=
ac_cv_env_LT_SYS_LIBRARY_PATH_value=
ac_cv_env_X86_AVX_CFLAGS_set=
ac_cv_env_X86_AVX_CFLAGS_value=
ac_cv_env_X86_SSE2_CFLAGS_set=
ac_cv_env_X86_SSE2_CFLAGS_value=
ac_cv_env_X86_SSE4_1_CFLAGS_set=
ac_cv_env_X86_SSE4_1_CFLAGS_value=
ac_cv_env_X86_SSE_CFLAGS_set=
ac_cv_env_X86_SSE_CFLAGS_value=
ac_cv_env_build_alias_set=
ac_cv_env_build_alias_value=
ac_cv_env_host_alias_set=
ac_cv_env_host_alias_value=
ac_cv_env_target_alias_set=
ac_cv_env_target_alias_value=
ac_cv_func___malloc_hook=no
ac_cv_func_lrint=yes
ac_cv_func_lrintf=yes
ac_cv_header_dlfcn_h=yes
ac_cv_header_inttypes_h=yes
ac_cv_header_memory_h=yes
ac_cv_header_stdc=yes
ac_cv_header_stdint_h=yes
ac_cv_header_stdlib_h=yes
ac_cv_header_string_h=yes
ac_cv_header_strings_h=yes
ac_cv_header_sys_stat_h=yes
ac_cv_header_sys_types_h=yes
ac_cv_header_unistd_h=yes
ac_cv_host=x86_64-apple-darwin17.2.0
ac_cv_objext=o
ac_cv_path_EGREP='/usr/bin/grep -E'
ac_cv_path_FGREP='/usr/bin/grep -F'
ac_cv_path_GREP=/usr/bin/grep
ac_cv_path_SED=/usr/bin/sed
ac_cv_path_install='/usr/bin/install -c'
ac_cv_path_lt_DD=/bin/dd
ac_cv_prog_AWK=awk
ac_cv_prog_CPP='gcc -E'
ac_cv_prog_HAVE_DOT=yes
ac_cv_prog_HAVE_DOXYGEN=no
ac_cv_prog_ac_ct_AR=ar
ac_cv_prog_ac_ct_CC=gcc
ac_cv_prog_ac_ct_DSYMUTIL=dsymutil
ac_cv_prog_ac_ct_LIPO=lipo
ac_cv_prog_ac_ct_NMEDIT=nmedit
ac_cv_prog_ac_ct_OBJDUMP=objdump
ac_cv_prog_ac_ct_OTOOL=otool
ac_cv_prog_ac_ct_RANLIB=ranlib
ac_cv_prog_ac_ct_STRIP=strip
ac_cv_prog_cc_c89=
ac_cv_prog_cc_c99=
ac_cv_prog_cc_g=yes
ac_cv_prog_make_make_set=yes
am_cv_CCAS_dependencies_compiler_type=gcc3
am_cv_CC_dependencies_compiler_type=gcc3
am_cv_make_support_nested_variables=yes
am_cv_prog_cc_c_o=yes
lt_cv_apple_cc_single_mod=yes
lt_cv_ar_at_file=no
lt_cv_deplibs_check_method=pass_all
lt_cv_file_magic_cmd='$MAGIC_CMD'
lt_cv_file_magic_test_file=
lt_cv_ld_exported_symbols_list=yes
lt_cv_ld_force_load=yes
lt_cv_ld_reload_flag=-r
lt_cv_nm_interface='BSD nm'
lt_cv_objdir=.libs
lt_cv_path_LD=/Library/Developer/CommandLineTools/usr/bin/ld
lt_cv_path_NM='/usr/bin/nm -B'
lt_cv_path_mainfest_tool=no
lt_cv_prog_compiler_c_o=yes
lt_cv_prog_compiler_pic='-fno-common -DPIC'
lt_cv_prog_compiler_pic_works=yes
lt_cv_prog_compiler_rtti_exceptions=yes
lt_cv_prog_compiler_static_works=no
lt_cv_prog_gnu_ld=no
lt_cv_sharedlib_from_linklib_cmd='printf %s\n'
lt_cv_sys_global_symbol_pipe='sed -n -e '\''s/^.*[	 ]\([BCDEGRST][BCDEGRST]*\)[	 ][	 ]*_\([_A-Za-z][_A-Za-z0-9]*\)$/\1 _\2 \2/p'\'' | sed '\''/ __gnu_lto/d'\'''
lt_cv_sys_global_symbol_to_c_name_address='sed -n -e '\''s/^: \(.*\) .*$/  {"\1", (void *) 0},/p'\'' -e '\''s/^[BCDEGRST][BCDEGRST]* .* \(.*\)$/  {"\1", (void *) \&\1},/p'\'''
lt_cv_sys_global_symbol_to_c_name_address_lib_prefix='sed -n -e '\''s/^: \(.*\) .*$/  {"\1", (void *) 0},/p'\'' -e '\''s/^[BCDEGRST][BCDEGRST]* .* \(lib.*\)$/  {"\1", (void *) \&\1},/p'\'' -e '\''s/^[BCDEGRST][BCDEGRST]* .* \(.*\)$/  {"lib\1", (void *) \&\1},/p'\'''
lt_cv_sys_global_symbol_to_cdecl='sed -n -e '\''s/^T .* \(.*\)$/extern int \1();/p'\'' -e '\''s/^[BCDEGRST][BCDEGRST]* .* \(.*\)$/extern char \1;/p'\'''
lt_cv_sys_global_symbol_to_import=
lt_cv_sys_max_cmd_len=196608
lt_cv_to_host_file_cmd=func_convert_file_noop
lt_cv_to_tool_file_cmd=func_convert_file_noop
lt_cv_truncate_bin='/bin/dd bs=4096 count=1'

## ----------------- ##
## Output variables. ##
## ----------------- ##

ACLOCAL='${SHELL} /Users/yaopeng/studyndk/opus4android/opuscodec/src/main/jni/opus/missing aclocal-1.16'
AMDEPBACKSLASH='\'
AMDEP_FALSE='#'
AMDEP_TRUE=''
AMTAR='$${TAR-tar}'
AM_BACKSLASH='\'
AM_DEFAULT_V='$(AM_DEFAULT_VERBOSITY)'
AM_DEFAULT_VERBOSITY='0'
AM_V='$(V)'
AR='ar'
ARM2GNU_PARAMS=''
ARM_NEON_INTR_CFLAGS='-mfpu=neon'
AUTOCONF='${SHELL} /Users/yaopeng/studyndk/opus4android/opuscodec/src/main/jni/opus/missing autoconf'
AUTOHEADER='${SHELL} /Users/yaopeng/studyndk/opus4android/opuscodec/src/main/jni/opus/missing autoheader'
AUTOMAKE='${SHELL} /Users/yaopeng/studyndk/opus4android/opuscodec/src/main/jni/opus/missing automake-1.16'
AWK='awk'
CC='gcc'
CCAS='gcc'
CCASDEPMODE='depmode=gcc3'
CCASFLAGS='-g -O2'
CCDEPMODE='depmode=gcc3'
CFLAGS='-g -O2 -fvisibility=hidden -fstack-protector-strong -D_FORTIFY_SOURCE=2 -W -Wall -Wextra -Wcast-align -Wnested-externs -Wshadow -Wstrict-prototypes'
CPP='gcc -E'
CPPFLAGS=''
CPU_ARM_FALSE=''
CPU_ARM_TRUE='#'
CUSTOM_MODES_FALSE=''
CUSTOM_MODES_TRUE='#'
CYGPATH_W='echo'
DEFS='-DHAVE_CONFIG_H'
DEPDIR='.deps'
DISABLE_FLOAT_API_FALSE=''
DISABLE_FLOAT_API_TRUE='#'
DLLTOOL='false'
DSYMUTIL='dsymutil'
DUMPBIN=''
ECHO_C='\c'
ECHO_N=''
ECHO_T=''
EGREP='/usr/bin/grep -E'
EXEEXT=''
EXTRA_PROGRAMS_FALSE='#'
EXTRA_PROGRAMS_TRUE=''
FGREP='/usr/bin/grep -F'
FIXED_POINT_FALSE=''
FIXED_POINT_TRUE='#'
GREP='/usr/bin/grep'
HAVE_ARM_NE10=''
HAVE_ARM_NE10_FALSE=''
HAVE_ARM_NE10_TRUE='#'
HAVE_ARM_NEON_INTR_FALSE=''
HAVE_ARM_NEON_INTR_TRUE='#'
HAVE_AVX_FALSE='#'
HAVE_AVX_TRUE=''
HAVE_DOT='yes'
HAVE_DOXYGEN='no'
HAVE_DOXYGEN_FALSE=''
HAVE_DOXYGEN_TRUE='#'
HAVE_PERL=''
HAVE_SSE2_FALSE='#'
HAVE_SSE2_TRUE=''
HAVE_SSE4_1_FALSE='#'
HAVE_SSE4_1_TRUE=''
HAVE_SSE_FALSE='#'
HAVE_SSE_TRUE=''
INSTALL_DATA='${INSTALL} -m 644'
INSTALL_PROGRAM='${INSTALL}'
INSTALL_SCRIPT='${INSTALL}'
INSTALL_STRIP_PROGRAM='$(install_sh) -c -s'
LD='/Library/Developer/CommandLineTools/usr/bin/ld'
LDFLAGS=''
LIBM=''
LIBOBJS=''
LIBS=''
LIBTOOL='$(SHELL) $(top_builddir)/libtool'
LIPO='lipo'
LN_S='ln -s'
LTLIBOBJS=''
LT_SYS_LIBRARY_PATH=''
MAINT=''
MAINTAINER_MODE_FALSE='#'
MAINTAINER_MODE_TRUE=''
MAKEINFO='${SHELL} /Users/yaopeng/studyndk/opus4android/opuscodec/src/main/jni/opus/missing makeinfo'
MANIFEST_TOOL=':'
MKDIR_P='./install-sh -c -d'
NE10_CFLAGS=''
NE10_LIBS=''
NM='/usr/bin/nm -B'
NMEDIT='nmedit'
OBJDUMP='objdump'
OBJEXT='o'
OPUS_ARM_EXTERNAL_ASM_FALSE=''
OPUS_ARM_EXTERNAL_ASM_TRUE='#'
OPUS_ARM_INLINE_ASM_FALSE=''
OPUS_ARM_INLINE_ASM_TRUE='#'
OPUS_ARM_MAY_HAVE_EDSP=''
OPUS_ARM_MAY_HAVE_MEDIA=''
OPUS_ARM_MAY_HAVE_NEON=''
OPUS_ARM_NEON_INTR_CFLAGS=''
OPUS_HAVE_RTCD='1'
OPUS_LT_AGE='7'
OPUS_LT_CURRENT='7'
OPUS_LT_REVISION='0'
OPUS_X86_AVX_CFLAGS='-mavx'
OPUS_X86_SSE2_CFLAGS=''
OPUS_X86_SSE4_1_CFLAGS=''
OPUS_X86_SSE_CFLAGS=''
OTOOL64=':'
OTOOL='otool'
PACKAGE='opus'
PACKAGE_BUGREPORT='opus@xiph.org'
PACKAGE_NAME='opus'
PACKAGE_STRING='opus unknown'
PACKAGE_TARNAME='opus'
PACKAGE_URL=''
PACKAGE_VERSION='unknown'
PATH_SEPARATOR=':'
PC_BUILD='floating-point'
RANLIB='ranlib'
SED='/usr/bin/sed'
SET_MAKE=''
SHELL='/bin/sh'
STRIP='strip'
VERSION='unknown'
X86_AVX_CFLAGS='-mavx'
X86_SSE2_CFLAGS='-msse2'
X86_SSE4_1_CFLAGS='-msse4.1'
X86_SSE_CFLAGS='-msse'
ac_ct_AR='ar'
ac_ct_CC='gcc'
ac_ct_DUMPBIN=''
am__EXEEXT_FALSE=''
am__EXEEXT_TRUE='#'
am__fastdepCCAS_FALSE='#'
am__fastdepCCAS_TRUE=''
am__fastdepCC_FALSE='#'
am__fastdepCC_TRUE=''
am__include='include'
am__isrc=''
am__leading_dot='.'
am__nodep='_no'
am__quote=''
am__tar='$${TAR-tar} chof - "$$tardir"'
am__untar='$${TAR-tar} xf -'
bindir='${exec_prefix}/bin'
build='x86_64-apple-darwin17.2.0'
build_alias=''
build_cpu='x86_64'
build_os='darwin17.2.0'
build_vendor='apple'
datadir='${datarootdir}'
datarootdir='${prefix}/share'
docdir='${datarootdir}/doc/${PACKAGE_TARNAME}'
dvidir='${docdir}'
exec_prefix='${prefix}'
host='x86_64-apple-darwin17.2.0'
host_alias=''
host_cpu='x86_64'
host_os='darwin17.2.0'
host_vendor='apple'
htmldir='${docdir}'
includedir='${prefix}/include'
infodir='${datarootdir}/info'
install_sh='${SHELL} /Users/yaopeng/studyndk/opus4android/opuscodec/src/main/jni/opus/install-sh'
libdir='${exec_prefix}/lib'
libexecdir='${exec_prefix}/libexec'
localedir='${datarootdir}/locale'
localstatedir='${prefix}/var'
mandir='${datarootdir}/man'
mkdir_p='$(MKDIR_P)'
oldincludedir='/usr/include'
pdfdir='${docdir}'
prefix='/usr/local'
program_transform_name='s,x,x,'
psdir='${docdir}'
sbindir='${exec_prefix}/sbin'
sharedstatedir='${prefix}/com'
sysconfdir='${prefix}/etc'
target_alias=''

## ----------- ##
## confdefs.h. ##
## ----------- ##

/* confdefs.h */
#define PACKAGE_NAME "opus"
#define PACKAGE_TARNAME "opus"
#define PACKAGE_VERSION "unknown"
#define PACKAGE_STRING "opus unknown"
#define PACKAGE_BUGREPORT "opus@xiph.org"
#define PACKAGE_URL ""
#define STDC_HEADERS 1
#define HAVE_SYS_TYPES_H 1
#define HAVE_SYS_STAT_H 1
#define HAVE_STDLIB_H 1
#define HAVE_STRING_H 1
#define HAVE_MEMORY_H 1
#define HAVE_STRINGS_H 1
#define HAVE_INTTYPES_H 1
#define HAVE_STDINT_H 1
#define HAVE_UNISTD_H 1
#define HAVE_DLFCN_H 1
#define LT_OBJDIR ".libs/"
#define OPUS_BUILD /**/
#define restrict __restrict
#define VAR_ARRAYS 1
#define OPUS_X86_MAY_HAVE_SSE 1
#define OPUS_X86_PRESUME_SSE 1
#define OPUS_X86_MAY_HAVE_SSE2 1
#define OPUS_X86_PRESUME_SSE2 1
#define OPUS_X86_MAY_HAVE_SSE4_1 1
#define OPUS_X86_PRESUME_SSE4_1 1
#define OPUS_X86_MAY_HAVE_AVX 1
#define CPU_INFO_BY_ASM 1
#define OPUS_HAVE_RTCD 1
#define ENABLE_HARDENING 1
#define HAVE_LRINTF 1
#define HAVE_LRINT 1

configure: exit 0
